#
# There is insufficient memory for the Java Runtime Environment to continue.
# Native memory allocation (malloc) failed to allocate 1601776 bytes for Chunk::new
# Possible reasons:
#   The system is out of physical RAM or swap space
#   The process is running with CompressedOops enabled, and the Java Heap may be blocking the growth of the native heap
# Possible solutions:
#   Reduce memory load on the system
#   Increase physical memory or swap space
#   Check if swap backing store is full
#   Decrease Java heap size (-Xmx/-Xms)
#   Decrease number of Java threads
#   Decrease Java thread stack sizes (-Xss)
#   Set larger code cache with -XX:ReservedCodeCacheSize=
#   JVM is running with Unscaled Compressed Oops mode in which the Java heap is
#     placed in the first 4GB address space. The Java Heap base address is the
#     maximum limit for the native heap growth. Please use -XX:HeapBaseMinAddress
#     to set the Java Heap base and to place the Java Heap above 4GB virtual address.
# This output file may be truncated or incomplete.
#
#  Out of Memory Error (allocation.cpp:389), pid=24832, tid=0x0000000000006870
#
# JRE version: Java(TM) SE Runtime Environment (8.0_202-b08) (build 1.8.0_202-b08)
# Java VM: Java HotSpot(TM) 64-Bit Server VM (25.202-b08 mixed mode windows-amd64 compressed oops)
# Failed to write core dump. Minidumps are not enabled by default on client versions of Windows
#

---------------  T H R E A D  ---------------

Current thread (0x0000000019741000):  JavaThread "C2 CompilerThread2" daemon [_thread_in_native, id=26736, stack(0x000000001a210000,0x000000001a310000)]

Stack: [0x000000001a210000,0x000000001a310000]
[error occurred during error reporting (printing stack bounds), id 0xc0000005]

Native frames: (J=compiled Java code, j=interpreted, Vv=VM code, C=native code)


Current CompileTask:
C2:   2306  891       4       com.sun.javafx.css.CompoundSelector::applies (144 bytes)


---------------  P R O C E S S  ---------------

Java Threads: ( => current thread )
  0x000000001a9ed800 JavaThread "Prism Font Disposer" daemon [_thread_blocked, id=27488, stack(0x0000000023500000,0x0000000023600000)]
  0x000000001a742000 JavaThread "Thread-3" daemon [_thread_in_native, id=25084, stack(0x0000000022a90000,0x0000000022b90000)]
  0x000000001a764800 JavaThread "JavaFX-Launcher" [_thread_blocked, id=26896, stack(0x0000000022b90000,0x0000000022c90000)]
  0x000000001a6b5800 JavaThread "JavaFX Application Thread" [_thread_in_native, id=18348, stack(0x000000001c380000,0x000000001c480000)]
  0x000000001a6a1800 JavaThread "Thread-1" daemon [_thread_blocked, id=17612, stack(0x000000001c280000,0x000000001c380000)]
  0x000000001a65f000 JavaThread "QuantumRenderer-0" daemon [_thread_blocked, id=19472, stack(0x000000001afa0000,0x000000001b0a0000)]
  0x00000000197d0800 JavaThread "Service Thread" daemon [_thread_blocked, id=26976, stack(0x000000001a410000,0x000000001a510000)]
  0x0000000019747000 JavaThread "C1 CompilerThread3" daemon [_thread_blocked, id=20092, stack(0x000000001a310000,0x000000001a410000)]
=>0x0000000019741000 JavaThread "C2 CompilerThread2" daemon [_thread_in_native, id=26736, stack(0x000000001a210000,0x000000001a310000)]
  0x000000001973e000 JavaThread "C2 CompilerThread1" daemon [_thread_blocked, id=26832, stack(0x000000001a110000,0x000000001a210000)]
  0x000000001973c000 JavaThread "C2 CompilerThread0" daemon [_thread_blocked, id=27032, stack(0x000000001a010000,0x000000001a110000)]
  0x0000000019738000 JavaThread "Attach Listener" daemon [_thread_blocked, id=25460, stack(0x0000000019f10000,0x000000001a010000)]
  0x000000001792e000 JavaThread "Signal Dispatcher" daemon [_thread_blocked, id=26220, stack(0x0000000019e10000,0x0000000019f10000)]
  0x0000000002949000 JavaThread "Finalizer" daemon [_thread_blocked, id=26364, stack(0x0000000019c10000,0x0000000019d10000)]
  0x0000000002945800 JavaThread "Reference Handler" daemon [_thread_blocked, id=27252, stack(0x0000000019b10000,0x0000000019c10000)]
  0x0000000002852800 JavaThread "main" [_thread_blocked, id=25948, stack(0x0000000002750000,0x0000000002850000)]

Other Threads:
  0x000000001791a000 VMThread [stack: 0x0000000019610000,0x0000000019710000] [id=27588]
  0x0000000019804000 WatcherThread [stack: 0x000000001a510000,0x000000001a610000] [id=27312]

VM state:not at safepoint (normal execution)

VM Mutex/Monitor currently owned by a thread: None

heap address: 0x0000000081200000, size: 2030 MB, Compressed Oops mode: 32-bit
Narrow klass base: 0x0000000000000000, Narrow klass shift: 3
Compressed class space size: 1073741824 Address: 0x0000000100000000

Heap:
 PSYoungGen      total 38400K, used 31912K [0x00000000d5b80000, 0x00000000d8600000, 0x0000000100000000)
  eden space 33280K, 95% used [0x00000000d5b80000,0x00000000d7aaa198,0x00000000d7c00000)
  from space 5120K, 0% used [0x00000000d8100000,0x00000000d8100000,0x00000000d8600000)
  to   space 5120K, 0% used [0x00000000d7c00000,0x00000000d7c00000,0x00000000d8100000)
 ParOldGen       total 87552K, used 49975K [0x0000000081200000, 0x0000000086780000, 0x00000000d5b80000)
  object space 87552K, 57% used [0x0000000081200000,0x00000000842cdc10,0x0000000086780000)
 Metaspace       used 14369K, capacity 15052K, committed 15232K, reserved 1062912K
  class space    used 2193K, capacity 2371K, committed 2432K, reserved 1048576K

Card table byte_map: [0x0000000011d10000,0x0000000012110000] byte_map_base: 0x0000000011907000

Marking Bits: (ParMarkBitMap*) 0x0000000050985ce0
 Begin Bits: [0x0000000012bc0000, 0x0000000014b78000)
 End Bits:   [0x0000000014b78000, 0x0000000016b30000)

Polling page: 0x00000000025d0000

CodeCache: size=245760Kb used=4393Kb max_used=4405Kb free=241366Kb
 bounds [0x0000000002950000, 0x0000000002da0000, 0x0000000011950000]
 total_blobs=1856 nmethods=1238 adapters=530
 compilation: enabled

Compilation events (10 events):
Event: 2.064 Thread 0x0000000019747000 1235       3       sun.nio.cs.SingleByte$Encoder::encode (32 bytes)
Event: 2.064 Thread 0x0000000019747000 nmethod 1235 0x0000000002d9b690 code [0x0000000002d9b800, 0x0000000002d9ba10]
Event: 2.065 Thread 0x0000000019747000 1236       3       java.nio.ByteBuffer::arrayOffset (35 bytes)
Event: 2.065 Thread 0x0000000019747000 nmethod 1236 0x0000000002d9b090 code [0x0000000002d9b220, 0x0000000002d9b538]
Event: 2.066 Thread 0x0000000019747000 1237       3       java.nio.CharBuffer::arrayOffset (35 bytes)
Event: 2.066 Thread 0x0000000019747000 nmethod 1237 0x0000000002d9aa90 code [0x0000000002d9ac20, 0x0000000002d9af38]
Event: 2.068 Thread 0x000000001973c000 1238       4       java.lang.String::indexOf (7 bytes)
Event: 2.070 Thread 0x0000000019747000 1239       3       java.nio.Buffer::<init> (121 bytes)
Event: 2.071 Thread 0x0000000019747000 nmethod 1239 0x0000000002d9d8d0 code [0x0000000002d9dba0, 0x0000000002d9f028]
Event: 2.072 Thread 0x000000001973c000 nmethod 1238 0x0000000002d99210 code [0x0000000002d99340, 0x0000000002d99498]

GC Heap History (0 events):
No events

Deoptimization events (10 events):
Event: 1.646 Thread 0x000000001a6b5800 Uncommon trap: reason=class_check action=maybe_recompile pc=0x0000000002a6d4e8 method=java.lang.String.equals(Ljava/lang/Object;)Z @ 8
Event: 1.646 Thread 0x000000001a6b5800 Uncommon trap: reason=class_check action=maybe_recompile pc=0x0000000002a6d4e8 method=java.lang.String.equals(Ljava/lang/Object;)Z @ 8
Event: 1.649 Thread 0x000000001a6b5800 Uncommon trap: reason=class_check action=maybe_recompile pc=0x0000000002a6d4e8 method=java.lang.String.equals(Ljava/lang/Object;)Z @ 8
Event: 1.667 Thread 0x000000001a6b5800 Uncommon trap: reason=unstable_if action=reinterpret pc=0x0000000002c3ebac method=java.lang.String.regionMatches(ZILjava/lang/String;II)Z @ 123
Event: 1.849 Thread 0x000000001a6b5800 Uncommon trap: reason=unstable_if action=reinterpret pc=0x0000000002c13cf8 method=sun.net.www.ParseUtil.encodePath(Ljava/lang/String;Z)Ljava/lang/String; @ 109
Event: 1.857 Thread 0x000000001a6b5800 Uncommon trap: reason=array_check action=maybe_recompile pc=0x0000000002cdc188 method=com.sun.javafx.css.SimpleSelector.applies(Ljavafx/css/Styleable;[Ljava/util/Set;I)Z @ 37
Event: 1.857 Thread 0x000000001a6b5800 Uncommon trap: reason=array_check action=maybe_recompile pc=0x0000000002cdc188 method=com.sun.javafx.css.SimpleSelector.applies(Ljavafx/css/Styleable;[Ljava/util/Set;I)Z @ 37
Event: 1.857 Thread 0x000000001a6b5800 Uncommon trap: reason=array_check action=maybe_recompile pc=0x0000000002cdc188 method=com.sun.javafx.css.SimpleSelector.applies(Ljavafx/css/Styleable;[Ljava/util/Set;I)Z @ 37
Event: 1.857 Thread 0x000000001a6b5800 Uncommon trap: reason=array_check action=maybe_recompile pc=0x0000000002cdc188 method=com.sun.javafx.css.SimpleSelector.applies(Ljavafx/css/Styleable;[Ljava/util/Set;I)Z @ 37
Event: 1.929 Thread 0x000000001a6b5800 Uncommon trap: reason=unstable_if action=reinterpret pc=0x0000000002c88a64 method=sun.misc.URLClassPath$JarLoader.ensureOpen()V @ 4

Classes redefined (0 events):
No events

Internal exceptions (10 events):
Event: 0.655 Thread 0x0000000002852800 Exception <a 'java/security/PrivilegedActionException'> (0x00000000d5e32ca0) thrown at [C:\re\workspace\8-2-build-windows-amd64-cygwin\jdk8u202\12323\hotspot\src\share\vm\prims\jvm.cpp, line 1502]
Event: 0.655 Thread 0x0000000002852800 Exception <a 'java/security/PrivilegedActionException'> (0x00000000d5e32eb0) thrown at [C:\re\workspace\8-2-build-windows-amd64-cygwin\jdk8u202\12323\hotspot\src\share\vm\prims\jvm.cpp, line 1502]
Event: 0.656 Thread 0x0000000002852800 Exception <a 'java/security/PrivilegedActionException'> (0x00000000d5e36dc0) thrown at [C:\re\workspace\8-2-build-windows-amd64-cygwin\jdk8u202\12323\hotspot\src\share\vm\prims\jvm.cpp, line 1502]
Event: 0.656 Thread 0x0000000002852800 Exception <a 'java/security/PrivilegedActionException'> (0x00000000d5e36fd0) thrown at [C:\re\workspace\8-2-build-windows-amd64-cygwin\jdk8u202\12323\hotspot\src\share\vm\prims\jvm.cpp, line 1502]
Event: 0.656 Thread 0x0000000002852800 Exception <a 'java/lang/NullPointerException'> (0x00000000d5e375a8) thrown at [C:\re\workspace\8-2-build-windows-amd64-cygwin\jdk8u202\12323\hotspot\src\share\vm\interpreter\linkResolver.cpp, line 1185]
Event: 1.350 Thread 0x000000001a6b5800 Exception <a 'java/lang/NullPointerException'> (0x00000000d68a9640) thrown at [C:\re\workspace\8-2-build-windows-amd64-cygwin\jdk8u202\12323\hotspot\src\share\vm\interpreter\linkResolver.cpp, line 1185]
Event: 1.350 Thread 0x000000001a6b5800 Exception <a 'java/lang/NullPointerException'> (0x00000000d68a9640) thrown at [C:\re\workspace\8-2-build-windows-amd64-cygwin\jdk8u202\12323\hotspot\src\share\vm\prims\jvm.cpp, line 1506]
Event: 1.482 Thread 0x000000001a6b5800 Implicit null exception at 0x0000000002bc58f5 to 0x0000000002bc5acd
Event: 1.929 Thread 0x000000001a6b5800 Implicit null exception at 0x0000000002c8727a to 0x0000000002c88a3d
Event: 2.062 Thread 0x000000001a65f000 Exception <a 'java/lang/NullPointerException'> (0x00000000d7a2f0a8) thrown at [C:\re\workspace\8-2-build-windows-amd64-cygwin\jdk8u202\12323\hotspot\src\share\vm\interpreter\linkResolver.cpp, line 1287]

Events (10 events):
Event: 2.049 loading class com/sun/prism/impl/GlyphCache
Event: 2.049 loading class com/sun/prism/impl/GlyphCache done
Event: 2.051 loading class com/sun/prism/impl/packrect/RectanglePacker
Event: 2.051 loading class com/sun/prism/impl/packrect/RectanglePacker done
Event: 2.062 loading class java/lang/Throwable$WrappedPrintStream
Event: 2.062 loading class java/lang/Throwable$PrintStreamOrWriter
Event: 2.062 loading class java/lang/Throwable$PrintStreamOrWriter done
Event: 2.062 loading class java/lang/Throwable$WrappedPrintStream done
Event: 2.063 loading class java/util/IdentityHashMap$KeySet
Event: 2.063 loading class java/util/IdentityHashMap$KeySet done


Dynamic libraries:
0x00007ff673310000 - 0x00007ff673347000 	C:\Program Files\Java\jdk1.8.0_202\bin\java.exe
0x00007ff9f54b0000 - 0x00007ff9f56c7000 	C:\WINDOWS\SYSTEM32\ntdll.dll
0x00007ff9f32d0000 - 0x00007ff9f3394000 	C:\WINDOWS\System32\KERNEL32.DLL
0x00007ff9f2950000 - 0x00007ff9f2cfd000 	C:\WINDOWS\System32\KERNELBASE.dll
0x00007ff9f33a0000 - 0x00007ff9f3452000 	C:\WINDOWS\System32\ADVAPI32.dll
0x00007ff9f36e0000 - 0x00007ff9f3787000 	C:\WINDOWS\System32\msvcrt.dll
0x00007ff9f5340000 - 0x00007ff9f53e9000 	C:\WINDOWS\System32\sechost.dll
0x00007ff9f2fb0000 - 0x00007ff9f2fd8000 	C:\WINDOWS\System32\bcrypt.dll
0x00007ff9f3a50000 - 0x00007ff9f3b64000 	C:\WINDOWS\System32\RPCRT4.dll
0x00007ff9f3b70000 - 0x00007ff9f3d1e000 	C:\WINDOWS\System32\USER32.dll
0x00007ff9f2dc0000 - 0x00007ff9f2de6000 	C:\WINDOWS\System32\win32u.dll
0x00007ff9f3d30000 - 0x00007ff9f3d59000 	C:\WINDOWS\System32\GDI32.dll
0x00007ff9f2fe0000 - 0x00007ff9f30f9000 	C:\WINDOWS\System32\gdi32full.dll
0x00007ff9f2f10000 - 0x00007ff9f2faa000 	C:\WINDOWS\System32\msvcp_win.dll
0x00007ff9f2df0000 - 0x00007ff9f2f01000 	C:\WINDOWS\System32\ucrtbase.dll
0x00007ff9d2a10000 - 0x00007ff9d2ca3000 	C:\WINDOWS\WinSxS\amd64_microsoft.windows.common-controls_6595b64144ccf1df_6.0.22621.3672_none_2713b9d173822955\COMCTL32.dll
0x00007ff9f4c70000 - 0x00007ff9f4ca1000 	C:\WINDOWS\System32\IMM32.DLL
0x0000000051f60000 - 0x0000000052032000 	C:\Program Files\Java\jdk1.8.0_202\jre\bin\msvcr100.dll
0x0000000050160000 - 0x0000000050a05000 	C:\Program Files\Java\jdk1.8.0_202\jre\bin\server\jvm.dll
0x00007ff9f5130000 - 0x00007ff9f5138000 	C:\WINDOWS\System32\PSAPI.DLL
0x00007ff9be050000 - 0x00007ff9be059000 	C:\WINDOWS\SYSTEM32\WSOCK32.dll
0x00007ff9edc50000 - 0x00007ff9edc84000 	C:\WINDOWS\SYSTEM32\WINMM.dll
0x00007ff9ed900000 - 0x00007ff9ed90a000 	C:\WINDOWS\SYSTEM32\VERSION.dll
0x00007ff9f3790000 - 0x00007ff9f3801000 	C:\WINDOWS\System32\WS2_32.dll
0x00007ff9ee550000 - 0x00007ff9ee55f000 	C:\Program Files\Java\jdk1.8.0_202\jre\bin\verify.dll
0x00007ff9d4e90000 - 0x00007ff9d4eb9000 	C:\Program Files\Java\jdk1.8.0_202\jre\bin\java.dll
0x00007ff9d4e70000 - 0x00007ff9d4e86000 	C:\Program Files\Java\jdk1.8.0_202\jre\bin\zip.dll
0x00007ff9f4410000 - 0x00007ff9f4c6f000 	C:\WINDOWS\System32\SHELL32.dll
0x00007ff9f06e0000 - 0x00007ff9f0fdc000 	C:\WINDOWS\SYSTEM32\windows.storage.dll
0x00007ff9f3ff0000 - 0x00007ff9f4378000 	C:\WINDOWS\System32\combase.dll
0x00007ff9f05a0000 - 0x00007ff9f06df000 	C:\WINDOWS\SYSTEM32\wintypes.dll
0x00007ff9f3ef0000 - 0x00007ff9f3fe4000 	C:\WINDOWS\System32\SHCORE.dll
0x00007ff9f3680000 - 0x00007ff9f36de000 	C:\WINDOWS\System32\shlwapi.dll
0x00007ff9f2710000 - 0x00007ff9f2731000 	C:\WINDOWS\SYSTEM32\profapi.dll
0x0000000002640000 - 0x0000000002643000 	C:\Program Files\Java\jdk1.8.0_202\jre\bin\api-ms-win-core-console-l1-1-0.dll
0x0000000002650000 - 0x0000000002653000 	C:\Program Files\Java\jdk1.8.0_202\jre\bin\api-ms-win-core-datetime-l1-1-0.dll
0x0000000002660000 - 0x0000000002663000 	C:\Program Files\Java\jdk1.8.0_202\jre\bin\api-ms-win-core-debug-l1-1-0.dll
0x0000000002670000 - 0x0000000002673000 	C:\Program Files\Java\jdk1.8.0_202\jre\bin\api-ms-win-core-errorhandling-l1-1-0.dll
0x0000000002680000 - 0x0000000002684000 	C:\Program Files\Java\jdk1.8.0_202\jre\bin\api-ms-win-core-file-l1-1-0.dll
0x0000000002690000 - 0x0000000002693000 	C:\Program Files\Java\jdk1.8.0_202\jre\bin\api-ms-win-core-file-l1-2-0.dll
0x00000000026a0000 - 0x00000000026a3000 	C:\Program Files\Java\jdk1.8.0_202\jre\bin\api-ms-win-core-file-l2-1-0.dll
0x00000000026c0000 - 0x00000000026c3000 	C:\Program Files\Java\jdk1.8.0_202\jre\bin\api-ms-win-core-handle-l1-1-0.dll
0x00000000026d0000 - 0x00000000026d3000 	C:\Program Files\Java\jdk1.8.0_202\jre\bin\api-ms-win-core-heap-l1-1-0.dll
0x00000000026e0000 - 0x00000000026e3000 	C:\Program Files\Java\jdk1.8.0_202\jre\bin\api-ms-win-core-interlocked-l1-1-0.dll
0x00000000026f0000 - 0x00000000026f3000 	C:\Program Files\Java\jdk1.8.0_202\jre\bin\api-ms-win-core-libraryloader-l1-1-0.dll
0x0000000002700000 - 0x0000000002703000 	C:\Program Files\Java\jdk1.8.0_202\jre\bin\api-ms-win-core-localization-l1-2-0.dll
0x0000000002710000 - 0x0000000002713000 	C:\Program Files\Java\jdk1.8.0_202\jre\bin\api-ms-win-core-memory-l1-1-0.dll
0x0000000002720000 - 0x0000000002723000 	C:\Program Files\Java\jdk1.8.0_202\jre\bin\api-ms-win-core-namedpipe-l1-1-0.dll
0x0000000002730000 - 0x0000000002733000 	C:\Program Files\Java\jdk1.8.0_202\jre\bin\api-ms-win-core-processenvironment-l1-1-0.dll
0x000000001ae10000 - 0x000000001ae13000 	C:\Program Files\Java\jdk1.8.0_202\jre\bin\api-ms-win-core-processthreads-l1-1-0.dll
0x000000001ae20000 - 0x000000001ae23000 	C:\Program Files\Java\jdk1.8.0_202\jre\bin\api-ms-win-core-processthreads-l1-1-1.dll
0x000000001ae30000 - 0x000000001ae33000 	C:\Program Files\Java\jdk1.8.0_202\jre\bin\api-ms-win-core-profile-l1-1-0.dll
0x000000001ae40000 - 0x000000001ae43000 	C:\Program Files\Java\jdk1.8.0_202\jre\bin\api-ms-win-core-rtlsupport-l1-1-0.dll
0x000000001ae50000 - 0x000000001ae53000 	C:\Program Files\Java\jdk1.8.0_202\jre\bin\api-ms-win-core-string-l1-1-0.dll
0x000000001ae60000 - 0x000000001ae63000 	C:\Program Files\Java\jdk1.8.0_202\jre\bin\api-ms-win-core-synch-l1-1-0.dll
0x000000001ae70000 - 0x000000001ae73000 	C:\Program Files\Java\jdk1.8.0_202\jre\bin\api-ms-win-core-synch-l1-2-0.dll
0x000000001ae80000 - 0x000000001ae83000 	C:\Program Files\Java\jdk1.8.0_202\jre\bin\api-ms-win-core-sysinfo-l1-1-0.dll
0x000000001ae90000 - 0x000000001ae93000 	C:\Program Files\Java\jdk1.8.0_202\jre\bin\api-ms-win-core-timezone-l1-1-0.dll
0x000000001aea0000 - 0x000000001aea3000 	C:\Program Files\Java\jdk1.8.0_202\jre\bin\api-ms-win-core-util-l1-1-0.dll
0x000000001aeb0000 - 0x000000001aeb3000 	C:\Program Files\Java\jdk1.8.0_202\jre\bin\api-ms-win-crt-conio-l1-1-0.dll
0x000000001aec0000 - 0x000000001aec4000 	C:\Program Files\Java\jdk1.8.0_202\jre\bin\api-ms-win-crt-convert-l1-1-0.dll
0x000000001aed0000 - 0x000000001aed3000 	C:\Program Files\Java\jdk1.8.0_202\jre\bin\api-ms-win-crt-environment-l1-1-0.dll
0x000000001aee0000 - 0x000000001aee3000 	C:\Program Files\Java\jdk1.8.0_202\jre\bin\api-ms-win-crt-filesystem-l1-1-0.dll
0x000000001aef0000 - 0x000000001aef3000 	C:\Program Files\Java\jdk1.8.0_202\jre\bin\api-ms-win-crt-heap-l1-1-0.dll
0x000000001af00000 - 0x000000001af03000 	C:\Program Files\Java\jdk1.8.0_202\jre\bin\api-ms-win-crt-locale-l1-1-0.dll
0x000000001af10000 - 0x000000001af15000 	C:\Program Files\Java\jdk1.8.0_202\jre\bin\api-ms-win-crt-math-l1-1-0.dll
0x000000001af20000 - 0x000000001af25000 	C:\Program Files\Java\jdk1.8.0_202\jre\bin\api-ms-win-crt-multibyte-l1-1-0.dll
0x000000001af30000 - 0x000000001af40000 	C:\Program Files\Java\jdk1.8.0_202\jre\bin\api-ms-win-crt-private-l1-1-0.dll
0x000000001af40000 - 0x000000001af43000 	C:\Program Files\Java\jdk1.8.0_202\jre\bin\api-ms-win-crt-process-l1-1-0.dll
0x000000001af50000 - 0x000000001af54000 	C:\Program Files\Java\jdk1.8.0_202\jre\bin\api-ms-win-crt-runtime-l1-1-0.dll
0x000000001af60000 - 0x000000001af64000 	C:\Program Files\Java\jdk1.8.0_202\jre\bin\api-ms-win-crt-stdio-l1-1-0.dll
0x000000001af70000 - 0x000000001af74000 	C:\Program Files\Java\jdk1.8.0_202\jre\bin\api-ms-win-crt-string-l1-1-0.dll
0x000000001af80000 - 0x000000001af83000 	C:\Program Files\Java\jdk1.8.0_202\jre\bin\api-ms-win-crt-time-l1-1-0.dll
0x000000001af90000 - 0x000000001af93000 	C:\Program Files\Java\jdk1.8.0_202\jre\bin\api-ms-win-crt-utility-l1-1-0.dll
0x00007ff9beef0000 - 0x00007ff9befe6000 	C:\Program Files\Java\jdk1.8.0_202\jre\bin\ucrtbase.dll
0x00007ff9d48a0000 - 0x00007ff9d48b6000 	C:\Program Files\Java\jdk1.8.0_202\jre\bin\vcruntime140.dll
0x00007ff9bee10000 - 0x00007ff9beeac000 	C:\Program Files\Java\jdk1.8.0_202\jre\bin\msvcp140.dll
0x00007ff9cac30000 - 0x00007ff9cac81000 	C:\Program Files\Java\jdk1.8.0_202\jre\bin\concrt140.dll
0x00007ff9d1270000 - 0x00007ff9d1293000 	C:\Program Files\Java\jdk1.8.0_202\jre\bin\prism_d3d.dll
0x00007ff9c19c0000 - 0x00007ff9c1b68000 	C:\WINDOWS\system32\d3d9.dll
0x00007ff9efb70000 - 0x00007ff9efb9b000 	C:\WINDOWS\SYSTEM32\dwmapi.dll
0x00007ff9efa10000 - 0x00007ff9efa49000 	C:\WINDOWS\SYSTEM32\dxcore.dll
0x00007ff9ef910000 - 0x00007ff9ef9bf000 	C:\WINDOWS\system32\uxtheme.dll
0x00007ff9e7d60000 - 0x00007ff9e7e21000 	C:\WINDOWS\System32\DriverStore\FileRepository\nvlti.inf_amd64_e4c2d764c82d2d50\nvldumdx.dll
0x00007ff9f2470000 - 0x00007ff9f2482000 	C:\WINDOWS\SYSTEM32\msasn1.dll
0x00007ff9eaf40000 - 0x00007ff9eaf72000 	C:\WINDOWS\SYSTEM32\cryptnet.dll
0x00007ff9f27e0000 - 0x00007ff9f2947000 	C:\WINDOWS\System32\CRYPT32.dll
0x00007ff9f1f00000 - 0x00007ff9f1f0c000 	C:\WINDOWS\SYSTEM32\cryptbase.dll
0x00007ff9f2080000 - 0x00007ff9f20c9000 	C:\WINDOWS\SYSTEM32\wldp.dll
0x00007ff9f3970000 - 0x00007ff9f3a47000 	C:\WINDOWS\System32\OLEAUT32.dll
0x00007ff9ead20000 - 0x00007ff9eae78000 	C:\WINDOWS\SYSTEM32\drvstore.dll
0x00007ff9f2490000 - 0x00007ff9f24bc000 	C:\WINDOWS\SYSTEM32\devobj.dll
0x00007ff9f24c0000 - 0x00007ff9f250e000 	C:\WINDOWS\SYSTEM32\CFGMGR32.dll
0x00007ff9f3180000 - 0x00007ff9f31eb000 	C:\WINDOWS\System32\wintrust.dll
0x00007ff9f31f0000 - 0x00007ff9f320f000 	C:\WINDOWS\System32\imagehlp.dll
0x00007ff9f1f10000 - 0x00007ff9f1f2b000 	C:\WINDOWS\SYSTEM32\CRYPTSP.dll
0x00007ff9f1730000 - 0x00007ff9f1765000 	C:\WINDOWS\system32\rsaenh.dll
0x00007ff9f3100000 - 0x00007ff9f317b000 	C:\WINDOWS\System32\bcryptPrimitives.dll
0x00007ff9e3490000 - 0x00007ff9e52bf000 	C:\WINDOWS\System32\DriverStore\FileRepository\nvlti.inf_amd64_e4c2d764c82d2d50\nvgpucomp64.dll
0x00007ff972200000 - 0x00007ff974243000 	C:\WINDOWS\System32\DriverStore\FileRepository\nvlti.inf_amd64_e4c2d764c82d2d50\nvd3dumx.dll
0x00007ff9ea530000 - 0x00007ff9ea579000 	C:\WINDOWS\SYSTEM32\directxdatabasehelper.dll
0x00007ff9f1770000 - 0x00007ff9f1788000 	C:\WINDOWS\SYSTEM32\kernel.appcore.dll
0x00007ff9c8ac0000 - 0x00007ff9c8b09000 	C:\Program Files\Java\jdk1.8.0_202\jre\bin\glass.dll
0x00007ff9f3810000 - 0x00007ff9f3908000 	C:\WINDOWS\System32\COMDLG32.dll
0x00007ff9f5190000 - 0x00007ff9f5335000 	C:\WINDOWS\System32\ole32.dll
0x00007ff9f3d60000 - 0x00007ff9f3eb3000 	C:\WINDOWS\System32\MSCTF.dll
0x00007ff9b32d0000 - 0x00007ff9b35a0000 	C:\WINDOWS\system32\nvspcap64.dll
0x00007ff9f17f0000 - 0x00007ff9f1824000 	C:\WINDOWS\SYSTEM32\ntmarta.dll
0x00007ff9cac00000 - 0x00007ff9cac26000 	C:\Program Files\Java\jdk1.8.0_202\jre\bin\javafx_iio.dll
0x00007ff9d4880000 - 0x00007ff9d4894000 	C:\Program Files\Java\jdk1.8.0_202\jre\bin\javafx_font.dll
0x00007ff9ecc70000 - 0x00007ff9ecee3000 	C:\WINDOWS\SYSTEM32\dwrite.dll
0x00007ff9f3210000 - 0x00007ff9f32c0000 	C:\WINDOWS\System32\clbcatq.dll
0x00007ff9ef720000 - 0x00007ff9ef8d0000 	C:\WINDOWS\SYSTEM32\WindowsCodecs.dll
0x00007ff9c27b0000 - 0x00007ff9c280e000 	C:\WINDOWS\system32\dataexchange.dll
0x00007ff9e8990000 - 0x00007ff9e8c1a000 	C:\WINDOWS\system32\twinapi.appcore.dll
0x00007ff9bedd0000 - 0x00007ff9bee02000 	C:\Program Files\Common Files\Microsoft Shared\Ink\rtscom.dll
0x00007ff9e6140000 - 0x00007ff9e628e000 	C:\WINDOWS\SYSTEM32\textinputframework.dll
0x00007ff9ed570000 - 0x00007ff9ed6a3000 	C:\WINDOWS\SYSTEM32\CoreMessaging.dll
0x00007ff9e9ae0000 - 0x00007ff9e9e4d000 	C:\WINDOWS\SYSTEM32\CoreUIComponents.dll

VM Arguments:
java_command: com.society.societyhubApp
java_class_path (initial): F:\societyhub\societyhub\target\classes
Launcher Type: SUN_STANDARD

Environment Variables:
JAVA_HOME=C:\Program Files (x86)\Java
PATH=C:\Program Files (x86)\Common Files\Oracle\Java\javapath;C:\Program Files\Java\jdk1.8.0_202\bin;C:\Program Files\Eclipse Adoptium\jdk-21.0.3.9-hotspot\bin;C:\Program Files (x86)\Java;C:\Windows\system32;C:\Windows;C:\Windows\System32\Wbem;C:\Windows\System32\WindowsPowerShell\v1.0\;C:\Windows\System32\OpenSSH\;C:\Program Files (x86)\NVIDIA Corporation\PhysX\Common;C:\Program Files\NVIDIA Corporation\NVIDIA NvDLISR;C:\WINDOWS\system32;C:\WINDOWS;C:\WINDOWS\System32\Wbem;C:\WINDOWS\System32\WindowsPowerShell\v1.0\;C:\WINDOWS\System32\OpenSSH\;C:\Program Files\MongoDB\Server\6.0\bin;C:\mongosh-1.6.0\bin;C:\MinGW\bin;C:\Program Files\nodejs\;C:\ProgramData\chocolatey\bin;C:\Program Files\Docker\Docker\resources\bin;C:\Program Files (x86)\Common Files\Oracle\Java\javapath;C:\Users\VENKATESH AMALE\AppData\Local\Programs\Python\Python39\Scripts\;C:\Users\VENKATESH AMALE\AppData\Local\Programs\Python\Python39\;C:\Program Files\Java\jdk1.8.0_202\bin;C:\Users\VENKATESH AMALE\AppData\Local\Microsoft\WindowsApps;C:\Users\VENKATESH AMALE\AppData\Local\Programs\Microsoft VS Code\bin;C:\Users\VENKATESH AMALE\AppData\Roaming\npm;C:\Python311\Scripts;C:\Python311;
USERNAME=VENKATESH AMALE
OS=Windows_NT
PROCESSOR_IDENTIFIER=Intel64 Family 6 Model 158 Stepping 13, GenuineIntel



---------------  S Y S T E M  ---------------

OS: Windows 10.0 , 64 bit Build 22621 (10.0.22621.3672)

CPU:total 8 (initial active 8) (4 cores per cpu, 2 threads per core) family 6 model 158 stepping 13, cmov, cx8, fxsr, mmx, sse, sse2, sse3, ssse3, sse4.1, sse4.2, popcnt, avx, avx2, aes, clmul, erms, 3dnowpref, lzcnt, ht, tsc, tscinvbit, bmi1, bmi2, adx

Memory: 4k page, physical 8306932k(476656k free), swap 33472756k(5652k free)

vm_info: Java HotSpot(TM) 64-Bit Server VM (25.202-b08) for windows-amd64 JRE (1.8.0_202-b08), built on Dec 15 2018 19:54:30 by "java_re" with MS VC++ 10.0 (VS2010)

time: Tue Jul 09 13:37:03 2024
timezone: India Standard Time
elapsed time: 2 seconds (0d 0h 0m 2s)

